pygame-ce 2.5.6 (SDL 2.32.10, Python 3.13.9)
============================================================
TamaJin ECS Audio Test
============================================================
PyGame: 2.5.6
Mixer: (44100, -16, 2)

Clips loaded:
  [0] 22050 frames, 44100Hz, 1ch
  [1] 22050 frames, 44100Hz, 1ch
  [2] 22050 frames, 44100Hz, 1ch
  [3] 22050 frames, 44100Hz, 1ch

Playing: SFX 440Hz @ 30% (looping)
Playing: Music 220Hz @ 40% (looping)
Playing: Voice 880Hz @ 50% (looping)

============================================================
Controls: [SPACE] toggle sounds  [Q] quit
============================================================

Frame 60: SFX=1, Music=1, Voice=1
Frame 120: SFX=1, Music=1, Voice=1
Frame 180: SFX=1, Music=1, Voice=1
Frame 240: SFX=1, Music=1, Voice=1
Frame 300: SFX=1, Music=1, Voice=1
Frame 360: SFX=1, Music=1, Voice=1
Frame 420: SFX=1, Music=1, Voice=1
Frame 480: SFX=1, Music=1, Voice=1

============================================================
Test complete!
============================================================
